<?xml version="1.0" encoding="UTF-8"?>
<testng-results skipped="0" failed="0" ignored="0" total="1" passed="1">
  <reporter-output>
  </reporter-output>
  <suite name="Default suite" duration-ms="65" started-at="2020-01-05T20:03:00Z" finished-at="2020-01-05T20:03:00Z">
    <groups>
    </groups>
    <test name="Default test" duration-ms="65" started-at="2020-01-05T20:03:00Z" finished-at="2020-01-05T20:03:00Z">
      <class name="TestNG.PropertiesFileConcept">
        <test-method status="PASS" signature="login()[pri:0, instance:TestNG.PropertiesFileConcept@58651fd0]" name="login" duration-ms="12" started-at="2020-01-05T20:03:00Z" finished-at="2020-01-05T20:03:00Z">
          <reporter-output>
          </reporter-output>
        </test-method> <!-- login -->
      </class> <!-- TestNG.PropertiesFileConcept -->
    </test> <!-- Default test -->
  </suite> <!-- Default suite -->
</testng-results>
