<?xml version="1.0" encoding="UTF-8"?>
<!-- Generated by org.testng.reporters.JUnitXMLReporter -->
<testsuite hostname="Raghunaths-MacBook-Pro.local" ignored="2" name="Test" tests="7" failures="0" timestamp="05 Jan 2020 19:34:35 GMT" time="0.173" errors="0">
  <testcase name="WebsitePurchase" time="0.009" classname="TestNG.Website"/>
  <testcase name="WebsiteLogout" time="0.022" classname="TestNG.Website"/>
  <testcase name="MobilePurchase" time="0.003" classname="TestNG.Mobile"/>
  <testcase name="MobileReturn" time="0.002" classname="TestNG.Mobile"/>
  <testcase name="DesktopLogout" time="0.002" classname="TestNG.Desktop"/>
  <testcase name="DesktopPurchase" time="0.004" classname="TestNG.Desktop"/>
  <testcase name="DesktopReturn" time="0.002" classname="TestNG.Desktop"/>
  <testcase name="MobileLogout" time="0.0" classname="TestNG.Mobile">
    <ignored/>
  </testcase> <!-- MobileLogout -->
  <testcase name="WebsiteReturn" time="0.0" classname="TestNG.Website">
    <ignored/>
  </testcase> <!-- WebsiteReturn -->
</testsuite> <!-- Test -->
