<?xml version="1.0" encoding="UTF-8"?>
<testng-results skipped="0" failed="1" total="2" passed="1">
  <reporter-output>
  </reporter-output>
  <suite name="Suite" duration-ms="17736" started-at="2020-03-09T03:07:00Z" finished-at="2020-03-09T03:07:18Z">
    <groups>
    </groups>
    <test name="Test" duration-ms="17736" started-at="2020-03-09T03:07:00Z" finished-at="2020-03-09T03:07:18Z">
      <class name="testCases.ShoppingTestCase">
        <test-method status="FAIL" signature="selectCurrency()[pri:0, instance:testCases.ShoppingTestCase@51c8530f]" name="selectCurrency" duration-ms="65" started-at="2020-03-08T23:07:12Z" finished-at="2020-03-08T23:07:12Z">
          <exception class="org.openqa.selenium.support.ui.UnexpectedTagNameException">
            <message>
              <![CDATA[Element should have been "select" but was "ul"
Build info: version: '3.141.59', revision: 'e82be7d358', time: '2018-11-14T08:17:03'
System info: host: 'Raghunaths-MacBook-Pro.local', ip: 'fe80:0:0:0:1898:f2a1:52a7:91ec%en0', os.name: 'Mac OS X', os.arch: 'x86_64', os.version: '10.15.3', java.version: '1.8.0_60'
Driver info: driver.version: unknown]]>
            </message>
            <full-stacktrace>
              <![CDATA[org.openqa.selenium.support.ui.UnexpectedTagNameException: Element should have been "select" but was "ul"
Build info: version: '3.141.59', revision: 'e82be7d358', time: '2018-11-14T08:17:03'
System info: host: 'Raghunaths-MacBook-Pro.local', ip: 'fe80:0:0:0:1898:f2a1:52a7:91ec%en0', os.name: 'Mac OS X', os.arch: 'x86_64', os.version: '10.15.3', java.version: '1.8.0_60'
Driver info: driver.version: unknown
	at org.openqa.selenium.support.ui.Select.<init>(Select.java:48)
	at PageFactory.HomePage.selectCurrency(HomePage.java:37)
	at testCases.ShoppingTestCase.selectCurrency(ShoppingTestCase.java:34)
	at sun.reflect.NativeMethodAccessorImpl.invoke0(Native Method)
	at sun.reflect.NativeMethodAccessorImpl.invoke(NativeMethodAccessorImpl.java:62)
	at sun.reflect.DelegatingMethodAccessorImpl.invoke(DelegatingMethodAccessorImpl.java:43)
	at java.lang.reflect.Method.invoke(Method.java:497)
	at org.testng.internal.MethodInvocationHelper.invokeMethod(MethodInvocationHelper.java:80)
	at org.testng.internal.Invoker.invokeMethod(Invoker.java:714)
	at org.testng.internal.Invoker.invokeTestMethod(Invoker.java:901)
	at org.testng.internal.Invoker.invokeTestMethods(Invoker.java:1231)
	at org.testng.internal.TestMethodWorker.invokeTestMethods(TestMethodWorker.java:127)
	at org.testng.internal.TestMethodWorker.run(TestMethodWorker.java:111)
	at org.testng.TestRunner.privateRun(TestRunner.java:767)
	at org.testng.TestRunner.run(TestRunner.java:617)
	at org.testng.SuiteRunner.runTest(SuiteRunner.java:334)
	at org.testng.SuiteRunner.runSequentially(SuiteRunner.java:329)
	at org.testng.SuiteRunner.privateRun(SuiteRunner.java:291)
	at org.testng.SuiteRunner.run(SuiteRunner.java:240)
	at org.testng.SuiteRunnerWorker.runSuite(SuiteRunnerWorker.java:52)
	at org.testng.SuiteRunnerWorker.run(SuiteRunnerWorker.java:86)
	at org.testng.TestNG.runSuitesSequentially(TestNG.java:1198)
	at org.testng.TestNG.runSuitesLocally(TestNG.java:1123)
	at org.testng.TestNG.run(TestNG.java:1031)
	at org.testng.remote.AbstractRemoteTestNG.run(AbstractRemoteTestNG.java:114)
	at org.testng.remote.RemoteTestNG.initAndRun(RemoteTestNG.java:251)
	at org.testng.remote.RemoteTestNG.main(RemoteTestNG.java:77)
]]>
            </full-stacktrace>
          </exception> <!-- org.openqa.selenium.support.ui.UnexpectedTagNameException -->
          <reporter-output>
          </reporter-output>
        </test-method> <!-- selectCurrency -->
      </class> <!-- testCases.ShoppingTestCase -->
      <class name="Ninja_Register.NewTest">
        <test-method status="PASS" signature="beforeTest()[pri:0, instance:Ninja_Register.NewTest@52f759d7]" name="beforeTest" is-config="true" duration-ms="4199" started-at="2020-03-08T23:07:00Z" finished-at="2020-03-08T23:07:04Z">
          <reporter-output>
          </reporter-output>
        </test-method> <!-- beforeTest -->
        <test-method status="PASS" signature="beforeTest()[pri:0, instance:testCases.ShoppingTestCase@51c8530f]" name="beforeTest" is-config="true" duration-ms="4931" started-at="2020-03-08T23:07:04Z" finished-at="2020-03-08T23:07:09Z">
          <reporter-output>
          </reporter-output>
        </test-method> <!-- beforeTest -->
        <test-method status="PASS" signature="goToWebSite()[pri:0, instance:Ninja_Register.NewTest@52f759d7]" name="goToWebSite" duration-ms="2741" started-at="2020-03-08T23:07:09Z" finished-at="2020-03-08T23:07:12Z">
          <reporter-output>
          </reporter-output>
        </test-method> <!-- goToWebSite -->
        <test-method status="PASS" signature="afterTest()[pri:0, instance:Ninja_Register.NewTest@52f759d7]" name="afterTest" is-config="true" duration-ms="3809" started-at="2020-03-08T23:07:12Z" finished-at="2020-03-08T23:07:16Z">
          <reporter-output>
          </reporter-output>
        </test-method> <!-- afterTest -->
        <test-method status="PASS" signature="afterTest()[pri:0, instance:testCases.ShoppingTestCase@51c8530f]" name="afterTest" is-config="true" duration-ms="1926" started-at="2020-03-08T23:07:16Z" finished-at="2020-03-08T23:07:18Z">
          <reporter-output>
          </reporter-output>
        </test-method> <!-- afterTest -->
      </class> <!-- Ninja_Register.NewTest -->
    </test> <!-- Test -->
  </suite> <!-- Suite -->
</testng-results>
